<?xml version="1.0" encoding="UTF-8"?>
<!-- Generated by org.testng.reporters.JUnitReportReporter -->
<testsuite hostname="DESKTOP-I0C21EG" failures="0" tests="2" name="in.amazon.teststeps.TestRunnerMultipleTagsExtentReport" time="34.350" errors="0" timestamp="2023-07-31T10:53:56 IST" skipped="0">
  <testcase classname="in.amazon.teststeps.TestRunnerMultipleTagsExtentReport" name="runScenario" time="28.113"/>
  <system-out/>
  <testcase classname="in.amazon.teststeps.TestRunnerMultipleTagsExtentReport" name="runScenario" time="6.237"/>
  <system-out/>
</testsuite> <!-- in.amazon.teststeps.TestRunnerMultipleTagsExtentReport -->
