<?xml version="1.0" encoding="UTF-8"?>
<!-- Generated by org.testng.reporters.JUnitReportReporter -->
<testsuite hostname="DESKTOP-I0C21EG" failures="0" tests="5" name="in.amazon.teststeps.TestRunnerDataTables" time="60.741" errors="0" timestamp="2023-07-28T12:17:03 IST" skipped="0">
  <testcase classname="in.amazon.teststeps.TestRunnerDataTables" name="runScenario" time="12.661"/>
  <system-out/>
  <testcase classname="in.amazon.teststeps.TestRunnerDataTables" name="runScenario" time="12.781"/>
  <system-out/>
  <testcase classname="in.amazon.teststeps.TestRunnerDataTables" name="runScenario" time="7.408"/>
  <system-out/>
  <testcase classname="in.amazon.teststeps.TestRunnerDataTables" name="runScenario" time="16.627"/>
  <system-out/>
  <testcase classname="in.amazon.teststeps.TestRunnerDataTables" name="runScenario" time="11.264"/>
  <system-out/>
</testsuite> <!-- in.amazon.teststeps.TestRunnerDataTables -->
