<?xml version="1.0" encoding="UTF-8"?>
<!-- Generated by org.testng.reporters.JUnitReportReporter -->
<testsuite hostname="DESKTOP-I0C21EG" failures="0" tests="2" name="in.amazon.teststeps.TestRunnerMultipleTags" time="32.492" errors="0" timestamp="2023-07-28T10:50:23 IST" skipped="0">
  <testcase classname="in.amazon.teststeps.TestRunnerMultipleTags" name="runScenario" time="26.112"/>
  <system-out/>
  <testcase classname="in.amazon.teststeps.TestRunnerMultipleTags" name="runScenario" time="6.380"/>
  <system-out/>
</testsuite> <!-- in.amazon.teststeps.TestRunnerMultipleTags -->
