<?xml version="1.0" encoding="UTF-8"?>
<!-- Generated by org.testng.reporters.JUnitReportReporter -->
<testsuite hostname="DESKTOP-I0C21EG" failures="0" tests="1" name="in.amazon.teststeps.TestRunnerTags" time="37.138" errors="0" timestamp="2023-07-27T12:37:42 IST" skipped="0">
  <testcase classname="in.amazon.teststeps.TestRunnerTags" name="runScenario" time="37.138"/>
  <system-out/>
</testsuite> <!-- in.amazon.teststeps.TestRunnerTags -->
