<?xml version="1.0" encoding="UTF-8"?>
<!-- Generated by org.testng.reporters.JUnitReportReporter -->
<testsuite hostname="DESKTOP-I0C21EG" failures="0" tests="8" name="in.amazon.teststeps.TestRunner" time="94.565" errors="0" timestamp="2023-07-31T17:04:20 IST" skipped="0">
  <testcase classname="in.amazon.teststeps.TestRunner" name="runScenario" time="5.709"/>
  <system-out/>
  <testcase classname="in.amazon.teststeps.TestRunner" name="runScenario" time="8.646"/>
  <system-out/>
  <testcase classname="in.amazon.teststeps.TestRunner" name="runScenario" time="10.013"/>
  <system-out/>
  <testcase classname="in.amazon.teststeps.TestRunner" name="runScenario" time="8.331"/>
  <system-out/>
  <testcase classname="in.amazon.teststeps.TestRunner" name="runScenario" time="6.483"/>
  <system-out/>
  <testcase classname="in.amazon.teststeps.TestRunner" name="runScenario" time="21.757"/>
  <system-out/>
  <testcase classname="in.amazon.teststeps.TestRunner" name="runScenario" time="25.261"/>
  <system-out/>
  <testcase classname="in.amazon.teststeps.TestRunner" name="runScenario" time="8.365"/>
  <system-out/>
</testsuite> <!-- in.amazon.teststeps.TestRunner -->
