<?xml version="1.0" encoding="UTF-8"?>
<!-- Generated by org.testng.reporters.JUnitReportReporter -->
<testsuite hostname="DESKTOP-I0C21EG" failures="0" tests="1" name="In.swiggy.teststeps.TestRunner" time="17.273" errors="0" timestamp="2023-08-01T11:59:11 IST" skipped="0">
  <testcase classname="In.swiggy.teststeps.TestRunner" name="runScenario" time="17.273"/>
  <system-out/>
</testsuite> <!-- In.swiggy.teststeps.TestRunner -->
